# JRE version: OpenJDK Runtime Environment (24.0.1+9) (build 24.0.1+9-30)
# Java VM: OpenJDK 64-Bit Server VM (24.0.1+9-30, mixed mode, emulated-client, sharing, tiered, compressed oops, compressed class ptrs, g1 gc, windows-amd64)
GC Precious Log:
 CardTable entry size: 512
 Card Set container configuration: InlinePtr #cards 5 size 8 Array Of Cards #cards 10 size 36 Howl #buckets 4 coarsen threshold 1843 Howl Bitmap #cards 512 size 80 coarsen threshold 460 Card regions per heap region 1 cards per card region 2048
 CPUs: 12 total, 12 available
 Memory: 7896M
 Large Page Support: Disabled
 NUMA Support: Disabled
 Compressed Oops: Enabled (32-bit)
 Heap Region Size: 1M
 Heap Min Capacity: 8M
 Heap Initial Capacity: 124M
 Heap Max Capacity: 1976M
 Pre-touch: Disabled
 Parallel Workers: 10
 Concurrent Workers: 3
 Concurrent Refinement Workers: 10
 Periodic GC: Disabled
Heap:
 garbage-first heap   total reserved 2023424K, committed 167936K, used 85739K [0x0000000084800000, 0x0000000100000000)
  region size 1024K, 3 young (3072K), 3 survivors (3072K)
 Metaspace       used 81880K, committed 82432K, reserved 1179648K
  class space    used 9434K, committed 9664K, reserved 1048576K
GC Heap History (20 events):
Event: 5.255 GC heap after
{Heap after GC invocations=21 (full 0):
 garbage-first heap   total reserved 2023424K, committed 83968K, used 37927K [0x0000000084800000, 0x0000000100000000)
  region size 1024K, 4 young (4096K), 4 survivors (4096K)
 Metaspace       used 76567K, committed 77120K, reserved 1179648K
  class space    used 8724K, committed 8960K, reserved 1048576K
}
Event: 5.301 GC heap before
{Heap before GC invocations=21 (full 0):
 garbage-first heap   total reserved 2023424K, committed 83968K, used 72743K [0x0000000084800000, 0x0000000100000000)
  region size 1024K, 39 young (39936K), 4 survivors (4096K)
 Metaspace       used 76569K, committed 77120K, reserved 1179648K
  class space    used 8724K, committed 8960K, reserved 1048576K
}
Event: 5.307 GC heap after
{Heap after GC invocations=22 (full 0):
 garbage-first heap   total reserved 2023424K, committed 83968K, used 43210K [0x0000000084800000, 0x0000000100000000)
  region size 1024K, 5 young (5120K), 5 survivors (5120K)
 Metaspace       used 76569K, committed 77120K, reserved 1179648K
  class space    used 8724K, committed 8960K, reserved 1048576K
}
Event: 5.340 GC heap before
{Heap before GC invocations=22 (full 0):
 garbage-first heap   total reserved 2023424K, committed 83968K, used 72906K [0x0000000084800000, 0x0000000100000000)
  region size 1024K, 34 young (34816K), 5 survivors (5120K)
 Metaspace       used 76569K, committed 77120K, reserved 1179648K
  class space    used 8724K, committed 8960K, reserved 1048576K
}
Event: 5.345 GC heap after
{Heap after GC invocations=23 (full 0):
 garbage-first heap   total reserved 2023424K, committed 83968K, used 47685K [0x0000000084800000, 0x0000000100000000)
  region size 1024K, 5 young (5120K), 5 survivors (5120K)
 Metaspace       used 76569K, committed 77120K, reserved 1179648K
  class space    used 8724K, committed 8960K, reserved 1048576K
}
Event: 5.430 GC heap before
{Heap before GC invocations=23 (full 0):
 garbage-first heap   total reserved 2023424K, committed 83968K, used 72261K [0x0000000084800000, 0x0000000100000000)
  region size 1024K, 29 young (29696K), 5 survivors (5120K)
 Metaspace       used 76822K, committed 77376K, reserved 1179648K
  class space    used 8774K, committed 9024K, reserved 1048576K
}
Event: 5.432 GC heap after
{Heap after GC invocations=24 (full 0):
 garbage-first heap   total reserved 2023424K, committed 83968K, used 44747K [0x0000000084800000, 0x0000000100000000)
  region size 1024K, 1 young (1024K), 1 survivors (1024K)
 Metaspace       used 76822K, committed 77376K, reserved 1179648K
  class space    used 8774K, committed 9024K, reserved 1048576K
}
Event: 5.557 GC heap before
{Heap before GC invocations=25 (full 0):
 garbage-first heap   total reserved 2023424K, committed 83968K, used 73419K [0x0000000084800000, 0x0000000100000000)
  region size 1024K, 30 young (30720K), 1 survivors (1024K)
 Metaspace       used 77268K, committed 77824K, reserved 1179648K
  class space    used 8832K, committed 9088K, reserved 1048576K
}
Event: 5.561 GC heap after
{Heap after GC invocations=26 (full 0):
 garbage-first heap   total reserved 2023424K, committed 83968K, used 48046K [0x0000000084800000, 0x0000000100000000)
  region size 1024K, 4 young (4096K), 4 survivors (4096K)
 Metaspace       used 77268K, committed 77824K, reserved 1179648K
  class space    used 8832K, committed 9088K, reserved 1048576K
}
Event: 5.607 GC heap before
{Heap before GC invocations=26 (full 0):
 garbage-first heap   total reserved 2023424K, committed 83968K, used 74670K [0x0000000084800000, 0x0000000100000000)
  region size 1024K, 30 young (30720K), 4 survivors (4096K)
 Metaspace       used 77319K, committed 77888K, reserved 1179648K
  class space    used 8838K, committed 9088K, reserved 1048576K
}
Event: 5.612 GC heap after
{Heap after GC invocations=27 (full 0):
 garbage-first heap   total reserved 2023424K, committed 167936K, used 46672K [0x0000000084800000, 0x0000000100000000)
  region size 1024K, 3 young (3072K), 3 survivors (3072K)
 Metaspace       used 77319K, committed 77888K, reserved 1179648K
  class space    used 8838K, committed 9088K, reserved 1048576K
}
Event: 5.758 GC heap before
{Heap before GC invocations=27 (full 0):
 garbage-first heap   total reserved 2023424K, committed 167936K, used 144976K [0x0000000084800000, 0x0000000100000000)
  region size 1024K, 98 young (100352K), 3 survivors (3072K)
 Metaspace       used 77320K, committed 77888K, reserved 1179648K
  class space    used 8838K, committed 9088K, reserved 1048576K
}
Event: 5.767 GC heap after
{Heap after GC invocations=28 (full 0):
 garbage-first heap   total reserved 2023424K, committed 167936K, used 67046K [0x0000000084800000, 0x0000000100000000)
  region size 1024K, 13 young (13312K), 13 survivors (13312K)
 Metaspace       used 77320K, committed 77888K, reserved 1179648K
  class space    used 8838K, committed 9088K, reserved 1048576K
}
Event: 5.854 GC heap before
{Heap before GC invocations=28 (full 0):
 garbage-first heap   total reserved 2023424K, committed 167936K, used 125414K [0x0000000084800000, 0x0000000100000000)
  region size 1024K, 70 young (71680K), 13 survivors (13312K)
 Metaspace       used 77525K, committed 78016K, reserved 1179648K
  class space    used 8924K, committed 9152K, reserved 1048576K
}
Event: 5.863 GC heap after
{Heap after GC invocations=29 (full 0):
 garbage-first heap   total reserved 2023424K, committed 167936K, used 79188K [0x0000000084800000, 0x0000000100000000)
  region size 1024K, 9 young (9216K), 9 survivors (9216K)
 Metaspace       used 77525K, committed 78016K, reserved 1179648K
  class space    used 8924K, committed 9152K, reserved 1048576K
}
Event: 6.119 GC heap before
{Heap before GC invocations=29 (full 0):
 garbage-first heap   total reserved 2023424K, committed 167936K, used 132436K [0x0000000084800000, 0x0000000100000000)
  region size 1024K, 61 young (62464K), 9 survivors (9216K)
 Metaspace       used 80570K, committed 81216K, reserved 1179648K
  class space    used 9263K, committed 9536K, reserved 1048576K
}
Event: 6.125 GC heap after
{Heap after GC invocations=30 (full 0):
 garbage-first heap   total reserved 2023424K, committed 167936K, used 86688K [0x0000000084800000, 0x0000000100000000)
  region size 1024K, 6 young (6144K), 6 survivors (6144K)
 Metaspace       used 80570K, committed 81216K, reserved 1179648K
  class space    used 9263K, committed 9536K, reserved 1048576K
}
Event: 6.237 GC heap before
{Heap before GC invocations=31 (full 0):
 garbage-first heap   total reserved 2023424K, committed 167936K, used 137888K [0x0000000084800000, 0x0000000100000000)
  region size 1024K, 58 young (59392K), 6 survivors (6144K)
 Metaspace       used 80577K, committed 81216K, reserved 1179648K
  class space    used 9264K, committed 9536K, reserved 1048576K
}
Event: 6.240 GC heap after
{Heap after GC invocations=32 (full 0):
 garbage-first heap   total reserved 2023424K, committed 167936K, used 86215K [0x0000000084800000, 0x0000000100000000)
  region size 1024K, 2 young (2048K), 2 survivors (2048K)
 Metaspace       used 80577K, committed 81216K, reserved 1179648K
  class space    used 9264K, committed 9536K, reserved 1048576K
}
Event: 6.552 GC heap before
{Heap before GC invocations=32 (full 0):
 garbage-first heap   total reserved 2023424K, committed 167936K, used 142535K [0x0000000084800000, 0x0000000100000000)
  region size 1024K, 57 young (58368K), 2 survivors (2048K)
 Metaspace       used 81880K, committed 82432K, reserved 1179648K
  class space    used 9434K, committed 9664K, reserved 1048576K
}

